<?xml version="1.0" encoding="UTF-8"?>
<!-- Generated by org.testng.reporters.JUnitReportReporter -->
<testsuite skipped="0" hostname="DESKTOP-CMSKJJU" name="org.testng.SampleTestNg" tests="1" failures="0" timestamp="27 Apr 2021 04:36:58 GMT" time="0.009" errors="0">
  <testcase name="test1" time="0.009" classname="org.testng.SampleTestNg"/>
</testsuite> <!-- org.testng.SampleTestNg -->
